2026-03-14 14:39:51.213 | INFO     | Lib.log_maker:info:15 - 
运行平台：Windows
OS版本：11
Python版本：3.13.0
PID：12204
2026-03-14 14:39:51.213 | INFO     | Lib.log_maker:info:15 - 
运行平台：Windows
OS版本：11
Python版本：3.13.0
PID：12204
2026-03-14 14:42:55.621 | INFO     | Lib.log_maker:info:15 - 
运行平台：Windows
OS版本：11
Python版本：3.13.0
PID：3476
2026-03-14 14:42:55.621 | INFO     | Lib.log_maker:info:15 - 
运行平台：Windows
OS版本：11
Python版本：3.13.0
PID：3476
2026-03-14 14:45:43.477 | INFO     | Lib.log_maker:info:15 - 
运行平台：Windows
OS版本：11
Python版本：3.13.0
PID：11880
2026-03-14 14:45:43.477 | INFO     | Lib.log_maker:info:15 - 
运行平台：Windows
OS版本：11
Python版本：3.13.0
PID：11880
2026-03-14 14:50:49.925 | INFO     | Lib.log_maker:info:15 - 
运行平台：Windows
OS版本：11
Python版本：3.13.0
PID：10040
2026-03-14 14:50:49.925 | INFO     | Lib.log_maker:info:15 - 
运行平台：Windows
OS版本：11
Python版本：3.13.0
PID：10040
2026-03-14 14:51:03.899 | INFO     | Lib.log_maker:info:15 - 
运行平台：Windows
OS版本：11
Python版本：3.13.0
PID：22404
2026-03-14 14:51:03.899 | INFO     | Lib.log_maker:info:15 - 
运行平台：Windows
OS版本：11
Python版本：3.13.0
PID：22404
2026-03-14 14:51:44.210 | INFO     | Lib.log_maker:info:15 - 
运行平台：Windows
OS版本：11
Python版本：3.13.0
PID：17960
2026-03-14 14:51:44.210 | INFO     | Lib.log_maker:info:15 - 
运行平台：Windows
OS版本：11
Python版本：3.13.0
PID：17960
2026-03-14 15:10:16.075 | INFO     | Lib.log_maker:info:15 - 
运行平台：Windows
OS版本：11
Python版本：3.13.0
PID：19324
2026-03-14 15:10:16.075 | INFO     | Lib.log_maker:info:15 - 
运行平台：Windows
OS版本：11
Python版本：3.13.0
PID：19324
2026-03-14 15:12:39.567 | INFO     | Lib.log_maker:info:15 - 
运行平台：Windows
OS版本：11
Python版本：3.13.0
PID：1988
2026-03-14 15:12:39.567 | INFO     | Lib.log_maker:info:15 - 
运行平台：Windows
OS版本：11
Python版本：3.13.0
PID：1988
2026-03-14 15:15:16.016 | INFO     | Lib.log_maker:info:15 - 
运行平台：Windows
OS版本：11
Python版本：3.13.0
PID：20336
2026-03-14 15:15:16.016 | INFO     | Lib.log_maker:info:15 - 
运行平台：Windows
OS版本：11
Python版本：3.13.0
PID：20336
2026-03-14 15:17:38.812 | INFO     | Lib.log_maker:info:15 - 
运行平台：Windows
OS版本：11
Python版本：3.13.0
PID：20404
2026-03-14 15:17:38.812 | INFO     | Lib.log_maker:info:15 - 
运行平台：Windows
OS版本：11
Python版本：3.13.0
PID：20404
2026-03-14 15:20:42.895 | INFO     | Lib.log_maker:info:15 - 
运行平台：Windows
OS版本：11
Python版本：3.13.0
PID：22504
2026-03-14 15:20:42.895 | INFO     | Lib.log_maker:info:15 - 
运行平台：Windows
OS版本：11
Python版本：3.13.0
PID：22504
2026-03-14 15:20:43.134 | INFO     | Lib.log_maker:info:15 - 程序正在启动
2026-03-14 15:20:43.134 | INFO     | Lib.log_maker:info:15 - 程序正在启动
2026-03-14 15:20:43.134 | INFO     | Lib.log_maker:info:15 - UI模式切换：original
2026-03-14 15:20:43.134 | INFO     | Lib.log_maker:info:15 - UI模式切换：original
2026-03-14 15:20:54.825 | ERROR    | Lib.log_maker:error:19 - 天气获取失败
2026-03-14 15:20:54.825 | ERROR    | Lib.log_maker:error:19 - 天气获取失败
2026-03-14 15:21:58.105 | INFO     | Lib.log_maker:info:15 - 
运行平台：Windows
OS版本：11
Python版本：3.13.0
PID：22320
2026-03-14 15:21:58.105 | INFO     | Lib.log_maker:info:15 - 
运行平台：Windows
OS版本：11
Python版本：3.13.0
PID：22320
2026-03-14 15:21:58.357 | INFO     | Lib.log_maker:info:15 - 程序正在启动
2026-03-14 15:21:58.357 | INFO     | Lib.log_maker:info:15 - 程序正在启动
2026-03-14 15:21:58.358 | INFO     | Lib.log_maker:info:15 - UI模式切换：original
2026-03-14 15:21:58.358 | INFO     | Lib.log_maker:info:15 - UI模式切换：original
2026-03-14 15:22:08.818 | ERROR    | Lib.log_maker:error:19 - 天气获取失败
2026-03-14 15:22:08.818 | ERROR    | Lib.log_maker:error:19 - 天气获取失败
2026-03-14 15:27:11.963 | INFO     | Lib.log_maker:info:15 - 
运行平台：Windows
OS版本：11
Python版本：3.13.0
PID：21388
2026-03-14 15:27:11.963 | INFO     | Lib.log_maker:info:15 - 
运行平台：Windows
OS版本：11
Python版本：3.13.0
PID：21388
2026-03-14 15:28:07.693 | INFO     | Lib.log_maker:info:15 - 
运行平台：Windows
OS版本：11
Python版本：3.13.0
PID：12092
2026-03-14 15:28:07.693 | INFO     | Lib.log_maker:info:15 - 
运行平台：Windows
OS版本：11
Python版本：3.13.0
PID：12092
2026-03-14 15:28:07.944 | INFO     | Lib.log_maker:info:15 - 程序正在启动
2026-03-14 15:28:07.944 | INFO     | Lib.log_maker:info:15 - 程序正在启动
2026-03-14 15:28:07.945 | INFO     | Lib.log_maker:info:15 - UI模式切换：original
2026-03-14 15:28:07.945 | INFO     | Lib.log_maker:info:15 - UI模式切换：original
2026-03-14 15:28:11.843 | INFO     | Lib.log_maker:info:15 - 事件：隐藏
2026-03-14 15:28:11.843 | INFO     | Lib.log_maker:info:15 - 事件：隐藏
2026-03-14 15:28:13.320 | INFO     | Lib.log_maker:info:15 - 事件：显示
2026-03-14 15:28:13.320 | INFO     | Lib.log_maker:info:15 - 事件：显示
2026-03-14 15:28:15.946 | INFO     | Lib.log_maker:info:15 - 事件：隐藏
2026-03-14 15:28:15.946 | INFO     | Lib.log_maker:info:15 - 事件：隐藏
2026-03-14 15:28:17.617 | INFO     | Lib.log_maker:info:15 - 事件：显示
2026-03-14 15:28:17.617 | INFO     | Lib.log_maker:info:15 - 事件：显示
2026-03-14 15:28:18.432 | ERROR    | Lib.log_maker:error:19 - 天气获取失败
2026-03-14 15:28:18.432 | ERROR    | Lib.log_maker:error:19 - 天气获取失败
2026-03-14 15:28:21.150 | INFO     | Lib.log_maker:info:15 - 事件：隐藏
2026-03-14 15:28:21.150 | INFO     | Lib.log_maker:info:15 - 事件：隐藏
2026-03-14 15:28:22.365 | INFO     | Lib.log_maker:info:15 - 事件：显示
2026-03-14 15:28:22.365 | INFO     | Lib.log_maker:info:15 - 事件：显示
2026-03-14 15:28:29.490 | INFO     | Lib.log_maker:info:15 - 事件：隐藏
2026-03-14 15:28:29.490 | INFO     | Lib.log_maker:info:15 - 事件：隐藏
2026-03-14 15:29:08.841 | INFO     | Lib.log_maker:info:15 - 
运行平台：Windows
OS版本：11
Python版本：3.13.0
PID：14536
2026-03-14 15:29:08.841 | INFO     | Lib.log_maker:info:15 - 
运行平台：Windows
OS版本：11
Python版本：3.13.0
PID：14536
2026-03-14 15:29:09.074 | INFO     | Lib.log_maker:info:15 - 程序正在启动
2026-03-14 15:29:09.074 | INFO     | Lib.log_maker:info:15 - 程序正在启动
2026-03-14 15:29:09.075 | INFO     | Lib.log_maker:info:15 - UI模式切换：original
2026-03-14 15:29:09.075 | INFO     | Lib.log_maker:info:15 - UI模式切换：original
2026-03-14 15:29:19.504 | ERROR    | Lib.log_maker:error:19 - 天气获取失败
2026-03-14 15:29:19.504 | ERROR    | Lib.log_maker:error:19 - 天气获取失败
2026-03-14 15:31:53.811 | INFO     | Lib.log_maker:info:15 - 
运行平台：Windows
OS版本：11
Python版本：3.13.0
PID：13788
2026-03-14 15:31:53.811 | INFO     | Lib.log_maker:info:15 - 
运行平台：Windows
OS版本：11
Python版本：3.13.0
PID：13788
2026-03-14 15:31:54.051 | INFO     | Lib.log_maker:info:15 - 程序正在启动
2026-03-14 15:31:54.051 | INFO     | Lib.log_maker:info:15 - 程序正在启动
2026-03-14 15:32:26.327 | INFO     | Lib.log_maker:info:15 - 
运行平台：Windows
OS版本：11
Python版本：3.13.0
PID：21588
2026-03-14 15:32:26.327 | INFO     | Lib.log_maker:info:15 - 
运行平台：Windows
OS版本：11
Python版本：3.13.0
PID：21588
2026-03-14 15:32:26.571 | INFO     | Lib.log_maker:info:15 - 程序正在启动
2026-03-14 15:32:26.571 | INFO     | Lib.log_maker:info:15 - 程序正在启动
2026-03-14 15:32:43.602 | ERROR    | Lib.log_maker:error:19 - 天气获取失败
2026-03-14 15:32:43.602 | ERROR    | Lib.log_maker:error:19 - 天气获取失败
2026-03-14 15:34:28.238 | INFO     | Lib.log_maker:info:15 - 
运行平台：Windows
OS版本：11
Python版本：3.13.0
PID：2676
2026-03-14 15:34:28.238 | INFO     | Lib.log_maker:info:15 - 
运行平台：Windows
OS版本：11
Python版本：3.13.0
PID：2676
2026-03-14 15:34:28.489 | INFO     | Lib.log_maker:info:15 - 程序正在启动
2026-03-14 15:34:28.489 | INFO     | Lib.log_maker:info:15 - 程序正在启动
2026-03-14 15:34:45.381 | ERROR    | Lib.log_maker:error:19 - 天气获取失败
2026-03-14 15:34:45.381 | ERROR    | Lib.log_maker:error:19 - 天气获取失败
2026-03-14 15:34:47.006 | INFO     | Lib.log_maker:info:15 - 
运行平台：Windows
OS版本：11
Python版本：3.13.0
PID：10912
2026-03-14 15:34:47.006 | INFO     | Lib.log_maker:info:15 - 
运行平台：Windows
OS版本：11
Python版本：3.13.0
PID：10912
2026-03-14 15:34:47.369 | INFO     | Lib.log_maker:info:15 - 程序正在启动
2026-03-14 15:34:47.369 | INFO     | Lib.log_maker:info:15 - 程序正在启动
2026-03-14 15:34:57.839 | ERROR    | Lib.log_maker:error:19 - 天气获取失败
2026-03-14 15:34:57.839 | ERROR    | Lib.log_maker:error:19 - 天气获取失败
2026-03-14 15:36:08.662 | INFO     | Lib.log_maker:info:15 - 
运行平台：Windows
OS版本：11
Python版本：3.13.0
PID：20312
2026-03-14 15:36:08.662 | INFO     | Lib.log_maker:info:15 - 
运行平台：Windows
OS版本：11
Python版本：3.13.0
PID：20312
2026-03-14 15:36:08.891 | INFO     | Lib.log_maker:info:15 - 程序正在启动
2026-03-14 15:36:08.891 | INFO     | Lib.log_maker:info:15 - 程序正在启动
2026-03-14 15:36:18.378 | INFO     | Lib.log_maker:info:15 - 事件：隐藏
2026-03-14 15:36:18.378 | INFO     | Lib.log_maker:info:15 - 事件：隐藏
2026-03-14 15:36:19.616 | INFO     | Lib.log_maker:info:15 - 事件：显示
2026-03-14 15:36:19.616 | INFO     | Lib.log_maker:info:15 - 事件：显示
2026-03-14 15:36:20.573 | ERROR    | Lib.log_maker:error:19 - 天气获取失败
2026-03-14 15:36:20.573 | ERROR    | Lib.log_maker:error:19 - 天气获取失败
2026-03-14 15:36:57.740 | INFO     | Lib.log_maker:info:15 - 
运行平台：Windows
OS版本：11
Python版本：3.13.0
PID：14208
2026-03-14 15:36:57.740 | INFO     | Lib.log_maker:info:15 - 
运行平台：Windows
OS版本：11
Python版本：3.13.0
PID：14208
2026-03-14 15:36:58.005 | INFO     | Lib.log_maker:info:15 - 程序正在启动
2026-03-14 15:36:58.005 | INFO     | Lib.log_maker:info:15 - 程序正在启动
2026-03-14 15:37:08.439 | ERROR    | Lib.log_maker:error:19 - 天气获取失败
2026-03-14 15:37:08.439 | ERROR    | Lib.log_maker:error:19 - 天气获取失败
2026-03-14 15:39:08.817 | INFO     | Lib.log_maker:info:15 - 
运行平台：Windows
OS版本：11
Python版本：3.13.0
PID：19884
2026-03-14 15:39:08.817 | INFO     | Lib.log_maker:info:15 - 
运行平台：Windows
OS版本：11
Python版本：3.13.0
PID：19884
2026-03-14 15:39:09.066 | INFO     | Lib.log_maker:info:15 - 程序正在启动
2026-03-14 15:39:09.066 | INFO     | Lib.log_maker:info:15 - 程序正在启动
2026-03-14 15:39:24.911 | ERROR    | Lib.log_maker:error:19 - 天气获取失败
2026-03-14 15:39:24.911 | ERROR    | Lib.log_maker:error:19 - 天气获取失败
2026-03-14 15:40:50.563 | INFO     | Lib.log_maker:info:15 - 事件：隐藏
2026-03-14 15:40:50.563 | INFO     | Lib.log_maker:info:15 - 事件：隐藏
2026-03-14 15:41:31.819 | INFO     | Lib.log_maker:info:15 - 事件：显示
2026-03-14 15:41:31.819 | INFO     | Lib.log_maker:info:15 - 事件：显示
2026-03-14 15:55:11.122 | INFO     | Lib.log_maker:info:15 - 
运行平台：Windows
OS版本：11
Python版本：3.13.0
PID：22920
2026-03-14 15:55:11.122 | INFO     | Lib.log_maker:info:15 - 
运行平台：Windows
OS版本：11
Python版本：3.13.0
PID：22920
2026-03-14 15:55:11.402 | INFO     | Lib.log_maker:info:15 - 程序正在启动
2026-03-14 15:55:11.402 | INFO     | Lib.log_maker:info:15 - 程序正在启动
2026-03-14 15:55:21.880 | ERROR    | Lib.log_maker:error:19 - 天气获取失败
2026-03-14 15:55:21.880 | ERROR    | Lib.log_maker:error:19 - 天气获取失败
2026-03-14 15:55:48.839 | INFO     | Lib.log_maker:info:15 - 事件：隐藏
2026-03-14 15:55:48.839 | INFO     | Lib.log_maker:info:15 - 事件：隐藏
2026-03-14 15:55:50.067 | INFO     | Lib.log_maker:info:15 - 事件：显示
2026-03-14 15:55:50.067 | INFO     | Lib.log_maker:info:15 - 事件：显示
2026-03-14 15:55:52.482 | INFO     | Lib.log_maker:info:15 - 事件：隐藏
2026-03-14 15:55:52.482 | INFO     | Lib.log_maker:info:15 - 事件：隐藏
2026-03-14 15:55:56.202 | INFO     | Lib.log_maker:info:15 - 事件：显示
2026-03-14 15:55:56.202 | INFO     | Lib.log_maker:info:15 - 事件：显示
2026-03-14 15:59:45.684 | INFO     | Lib.log_maker:info:15 - 
运行平台：Windows
OS版本：11
Python版本：3.13.0
PID：20684
2026-03-14 15:59:45.684 | INFO     | Lib.log_maker:info:15 - 
运行平台：Windows
OS版本：11
Python版本：3.13.0
PID：20684
2026-03-14 15:59:45.974 | INFO     | Lib.log_maker:info:15 - 程序正在启动
2026-03-14 15:59:45.974 | INFO     | Lib.log_maker:info:15 - 程序正在启动
2026-03-14 16:00:01.776 | ERROR    | Lib.log_maker:error:19 - 天气获取失败
2026-03-14 16:00:01.776 | ERROR    | Lib.log_maker:error:19 - 天气获取失败
2026-03-14 16:13:49.364 | INFO     | Lib.log_maker:info:15 - 
运行平台：Windows
OS版本：11
Python版本：3.13.0
PID：23540
2026-03-14 16:13:49.364 | INFO     | Lib.log_maker:info:15 - 
运行平台：Windows
OS版本：11
Python版本：3.13.0
PID：23540
2026-03-14 16:13:49.492 | INFO     | Lib.log_maker:info:15 - 
运行平台：Windows
OS版本：11
Python版本：3.13.0
PID：23540
2026-03-14 16:13:49.492 | INFO     | Lib.log_maker:info:15 - 
运行平台：Windows
OS版本：11
Python版本：3.13.0
PID：23540
2026-03-14 16:13:49.492 | INFO     | Lib.log_maker:info:15 - 
运行平台：Windows
OS版本：11
Python版本：3.13.0
PID：23540
2026-03-14 16:16:10.125 | INFO     | Lib.log_maker:info:15 - 
运行平台：Windows
OS版本：11
Python版本：3.13.0
PID：19808
2026-03-14 16:16:10.125 | INFO     | Lib.log_maker:info:15 - 
运行平台：Windows
OS版本：11
Python版本：3.13.0
PID：19808
2026-03-14 16:16:10.422 | INFO     | Lib.log_maker:info:15 - 程序正在启动
2026-03-14 16:16:10.422 | INFO     | Lib.log_maker:info:15 - 程序正在启动
2026-03-14 16:16:20.960 | ERROR    | Lib.log_maker:error:19 - 天气获取失败
2026-03-14 16:16:20.960 | ERROR    | Lib.log_maker:error:19 - 天气获取失败
2026-03-14 16:17:30.157 | INFO     | Lib.log_maker:info:15 - 
运行平台：Windows
OS版本：11
Python版本：3.13.0
PID：15436
2026-03-14 16:17:30.157 | INFO     | Lib.log_maker:info:15 - 
运行平台：Windows
OS版本：11
Python版本：3.13.0
PID：15436
2026-03-14 16:17:30.511 | INFO     | Lib.log_maker:info:15 - 程序正在启动
2026-03-14 16:17:30.511 | INFO     | Lib.log_maker:info:15 - 程序正在启动
2026-03-14 16:17:42.221 | ERROR    | Lib.log_maker:error:19 - 天气获取失败
2026-03-14 16:17:42.221 | ERROR    | Lib.log_maker:error:19 - 天气获取失败
2026-03-14 16:18:56.277 | INFO     | Lib.log_maker:info:15 - 事件：隐藏
2026-03-14 16:18:56.277 | INFO     | Lib.log_maker:info:15 - 事件：隐藏
2026-03-14 16:20:09.557 | INFO     | Lib.log_maker:info:15 - 
运行平台：Windows
OS版本：11
Python版本：3.13.0
PID：19892
2026-03-14 16:20:09.557 | INFO     | Lib.log_maker:info:15 - 
运行平台：Windows
OS版本：11
Python版本：3.13.0
PID：19892
2026-03-14 16:20:09.813 | INFO     | Lib.log_maker:info:15 - 程序正在启动
2026-03-14 16:20:09.813 | INFO     | Lib.log_maker:info:15 - 程序正在启动
2026-03-14 16:20:19.763 | INFO     | Lib.log_maker:info:15 - 事件：隐藏
2026-03-14 16:20:19.763 | INFO     | Lib.log_maker:info:15 - 事件：隐藏
2026-03-14 16:20:21.480 | ERROR    | Lib.log_maker:error:19 - 天气获取失败
2026-03-14 16:20:21.480 | ERROR    | Lib.log_maker:error:19 - 天气获取失败
2026-03-14 16:20:23.862 | INFO     | Lib.log_maker:info:15 - 事件：显示
2026-03-14 16:20:23.862 | INFO     | Lib.log_maker:info:15 - 事件：显示
2026-03-14 16:31:10.063 | INFO     | Lib.log_maker:info:15 - 
运行平台：Windows
OS版本：11
Python版本：3.13.0
PID：10456
2026-03-14 16:31:10.063 | INFO     | Lib.log_maker:info:15 - 
运行平台：Windows
OS版本：11
Python版本：3.13.0
PID：10456
2026-03-14 16:31:10.331 | INFO     | Lib.log_maker:info:15 - 程序正在启动
2026-03-14 16:31:10.331 | INFO     | Lib.log_maker:info:15 - 程序正在启动
2026-03-14 16:31:20.867 | ERROR    | Lib.log_maker:error:19 - 天气获取失败
2026-03-14 16:31:20.867 | ERROR    | Lib.log_maker:error:19 - 天气获取失败
2026-03-14 16:32:35.860 | INFO     | Lib.log_maker:info:15 - 
运行平台：Windows
OS版本：11
Python版本：3.13.0
PID：19476
2026-03-14 16:32:35.860 | INFO     | Lib.log_maker:info:15 - 
运行平台：Windows
OS版本：11
Python版本：3.13.0
PID：19476
2026-03-14 16:32:36.099 | INFO     | Lib.log_maker:info:15 - 程序正在启动
2026-03-14 16:32:36.099 | INFO     | Lib.log_maker:info:15 - 程序正在启动
2026-03-14 16:32:46.584 | ERROR    | Lib.log_maker:error:19 - 天气获取失败
2026-03-14 16:32:46.584 | ERROR    | Lib.log_maker:error:19 - 天气获取失败
2026-03-14 17:06:53.723 | INFO     | Lib.log_maker:info:15 - 
运行平台：Windows
OS版本：11
Python版本：3.13.0
PID：23520
2026-03-14 17:06:53.723 | INFO     | Lib.log_maker:info:15 - 
运行平台：Windows
OS版本：11
Python版本：3.13.0
PID：23520
2026-03-14 17:06:54.003 | INFO     | Lib.log_maker:info:15 - 程序正在启动
2026-03-14 17:06:54.003 | INFO     | Lib.log_maker:info:15 - 程序正在启动
2026-03-14 17:07:05.680 | ERROR    | Lib.log_maker:error:19 - 天气获取失败
2026-03-14 17:07:05.680 | ERROR    | Lib.log_maker:error:19 - 天气获取失败
2026-03-14 17:08:40.503 | INFO     | Lib.log_maker:info:15 - 
运行平台：Windows
OS版本：11
Python版本：3.13.0
PID：8916
2026-03-14 17:08:40.503 | INFO     | Lib.log_maker:info:15 - 
运行平台：Windows
OS版本：11
Python版本：3.13.0
PID：8916
2026-03-14 17:09:21.046 | INFO     | Lib.log_maker:info:15 - 
运行平台：Windows
OS版本：11
Python版本：3.13.0
PID：21700
2026-03-14 17:09:21.046 | INFO     | Lib.log_maker:info:15 - 
运行平台：Windows
OS版本：11
Python版本：3.13.0
PID：21700
2026-03-14 17:10:25.215 | INFO     | Lib.log_maker:info:15 - 
运行平台：Windows
OS版本：11
Python版本：3.13.0
PID：12312
2026-03-14 17:10:25.215 | INFO     | Lib.log_maker:info:15 - 
运行平台：Windows
OS版本：11
Python版本：3.13.0
PID：12312
2026-03-14 17:10:39.412 | INFO     | Lib.log_maker:info:15 - 
运行平台：Windows
OS版本：11
Python版本：3.13.0
PID：16048
2026-03-14 17:10:39.412 | INFO     | Lib.log_maker:info:15 - 
运行平台：Windows
OS版本：11
Python版本：3.13.0
PID：16048
2026-03-14 17:13:04.361 | INFO     | Lib.log_maker:info:15 - 
运行平台：Windows
OS版本：11
Python版本：3.13.0
PID：19104
2026-03-14 17:13:04.361 | INFO     | Lib.log_maker:info:15 - 
运行平台：Windows
OS版本：11
Python版本：3.13.0
PID：19104
2026-03-14 17:13:04.656 | INFO     | Lib.log_maker:info:15 - 程序正在启动
2026-03-14 17:13:04.656 | INFO     | Lib.log_maker:info:15 - 程序正在启动
2026-03-14 17:15:38.681 | INFO     | Lib.log_maker:info:15 - 
运行平台：Windows
OS版本：11
Python版本：3.13.0
PID：23204
2026-03-14 17:15:38.681 | INFO     | Lib.log_maker:info:15 - 
运行平台：Windows
OS版本：11
Python版本：3.13.0
PID：23204
2026-03-14 17:15:38.952 | INFO     | Lib.log_maker:info:15 - 程序正在启动
2026-03-14 17:15:38.952 | INFO     | Lib.log_maker:info:15 - 程序正在启动
2026-03-14 17:16:11.852 | ERROR    | Lib.log_maker:error:19 - 天气获取失败
2026-03-14 17:16:11.852 | ERROR    | Lib.log_maker:error:19 - 天气获取失败
2026-03-14 17:17:03.340 | INFO     | Lib.log_maker:info:15 - 
运行平台：Windows
OS版本：11
Python版本：3.13.0
PID：14328
2026-03-14 17:17:03.340 | INFO     | Lib.log_maker:info:15 - 
运行平台：Windows
OS版本：11
Python版本：3.13.0
PID：14328
2026-03-14 17:17:03.613 | INFO     | Lib.log_maker:info:15 - 程序正在启动
2026-03-14 17:17:03.613 | INFO     | Lib.log_maker:info:15 - 程序正在启动
2026-03-14 17:17:29.496 | ERROR    | Lib.log_maker:error:19 - 天气获取失败
2026-03-14 17:17:29.496 | ERROR    | Lib.log_maker:error:19 - 天气获取失败
2026-03-14 17:20:44.996 | INFO     | Lib.log_maker:info:15 - 
运行平台：Windows
OS版本：11
Python版本：3.13.0
PID：7832
2026-03-14 17:20:44.996 | INFO     | Lib.log_maker:info:15 - 
运行平台：Windows
OS版本：11
Python版本：3.13.0
PID：7832
2026-03-14 17:20:45.283 | INFO     | Lib.log_maker:info:15 - 程序正在启动
2026-03-14 17:20:45.283 | INFO     | Lib.log_maker:info:15 - 程序正在启动
2026-03-14 17:21:10.839 | ERROR    | Lib.log_maker:error:19 - 天气获取失败
2026-03-14 17:21:10.839 | ERROR    | Lib.log_maker:error:19 - 天气获取失败
2026-03-14 17:26:50.461 | INFO     | Lib.log_maker:info:15 - 
运行平台：Windows
OS版本：11
Python版本：3.13.0
PID：8340
2026-03-14 17:26:50.461 | INFO     | Lib.log_maker:info:15 - 
运行平台：Windows
OS版本：11
Python版本：3.13.0
PID：8340
2026-03-14 17:26:50.696 | INFO     | Lib.log_maker:info:15 - 程序正在启动
2026-03-14 17:26:50.696 | INFO     | Lib.log_maker:info:15 - 程序正在启动
2026-03-14 17:27:17.328 | ERROR    | Lib.log_maker:error:19 - 天气获取失败
2026-03-14 17:27:17.328 | ERROR    | Lib.log_maker:error:19 - 天气获取失败
2026-03-14 17:33:46.969 | INFO     | Lib.log_maker:info:15 - 
运行平台：Windows
OS版本：11
Python版本：3.13.0
PID：2020
2026-03-14 17:33:46.969 | INFO     | Lib.log_maker:info:15 - 
运行平台：Windows
OS版本：11
Python版本：3.13.0
PID：2020
2026-03-14 17:33:47.245 | INFO     | Lib.log_maker:info:15 - 程序正在启动
2026-03-14 17:33:47.245 | INFO     | Lib.log_maker:info:15 - 程序正在启动
2026-03-14 17:34:12.114 | ERROR    | Lib.log_maker:error:19 - 天气获取失败
2026-03-14 17:34:12.114 | ERROR    | Lib.log_maker:error:19 - 天气获取失败
2026-03-14 17:35:13.634 | INFO     | Lib.log_maker:info:15 - 
运行平台：Windows
OS版本：11
Python版本：3.13.0
PID：6632
2026-03-14 17:35:13.634 | INFO     | Lib.log_maker:info:15 - 
运行平台：Windows
OS版本：11
Python版本：3.13.0
PID：6632
2026-03-14 17:35:13.919 | INFO     | Lib.log_maker:info:15 - 程序正在启动
2026-03-14 17:35:13.919 | INFO     | Lib.log_maker:info:15 - 程序正在启动
2026-03-14 17:35:39.128 | INFO     | Lib.log_maker:info:15 - Foshan的天气数据更新成功
2026-03-14 17:35:39.128 | INFO     | Lib.log_maker:info:15 - Foshan的天气数据更新成功
2026-03-14 17:39:22.227 | INFO     | Lib.log_maker:info:15 - 
运行平台：Windows
OS版本：11
Python版本：3.13.0
PID：22608
2026-03-14 17:39:22.227 | INFO     | Lib.log_maker:info:15 - 
运行平台：Windows
OS版本：11
Python版本：3.13.0
PID：22608
2026-03-14 17:39:22.486 | INFO     | Lib.log_maker:info:15 - 程序正在启动
2026-03-14 17:39:22.486 | INFO     | Lib.log_maker:info:15 - 程序正在启动
2026-03-14 17:39:47.089 | INFO     | Lib.log_maker:info:15 - Foshan的天气数据更新成功
2026-03-14 17:39:47.089 | INFO     | Lib.log_maker:info:15 - Foshan的天气数据更新成功
2026-03-14 17:42:11.461 | INFO     | Lib.log_maker:info:15 - 事件：隐藏
2026-03-14 17:42:11.461 | INFO     | Lib.log_maker:info:15 - 事件：隐藏
2026-03-14 17:43:58.067 | INFO     | Lib.log_maker:info:15 - 事件：显示
2026-03-14 17:43:58.067 | INFO     | Lib.log_maker:info:15 - 事件：显示
2026-03-14 17:43:59.094 | INFO     | Lib.log_maker:info:15 - 事件：隐藏
2026-03-14 17:43:59.094 | INFO     | Lib.log_maker:info:15 - 事件：隐藏
2026-03-14 17:44:45.639 | INFO     | Lib.log_maker:info:15 - 
运行平台：Windows
OS版本：11
Python版本：3.13.0
PID：18636
2026-03-14 17:44:45.639 | INFO     | Lib.log_maker:info:15 - 
运行平台：Windows
OS版本：11
Python版本：3.13.0
PID：18636
2026-03-14 17:44:45.930 | INFO     | Lib.log_maker:info:15 - 程序正在启动
2026-03-14 17:44:45.930 | INFO     | Lib.log_maker:info:15 - 程序正在启动
2026-03-14 17:45:10.900 | INFO     | Lib.log_maker:info:15 - Foshan的天气数据更新成功
2026-03-14 17:45:10.900 | INFO     | Lib.log_maker:info:15 - Foshan的天气数据更新成功
2026-03-14 17:55:35.354 | INFO     | Lib.log_maker:info:15 - 
运行平台：Windows
OS版本：11
Python版本：3.13.0
PID：6404
2026-03-14 17:55:35.354 | INFO     | Lib.log_maker:info:15 - 
运行平台：Windows
OS版本：11
Python版本：3.13.0
PID：6404
2026-03-14 17:55:35.546 | INFO     | Lib.log_maker:info:15 - 程序正在启动
2026-03-14 17:55:35.546 | INFO     | Lib.log_maker:info:15 - 程序正在启动
2026-03-14 17:56:03.424 | INFO     | Lib.log_maker:info:15 - Foshan的天气数据更新成功
2026-03-14 17:56:03.424 | INFO     | Lib.log_maker:info:15 - Foshan的天气数据更新成功
2026-03-14 17:57:13.932 | INFO     | Lib.log_maker:info:15 - 
运行平台：Windows
OS版本：11
Python版本：3.13.0
PID：15780
2026-03-14 17:57:13.932 | INFO     | Lib.log_maker:info:15 - 
运行平台：Windows
OS版本：11
Python版本：3.13.0
PID：15780
2026-03-14 17:57:14.126 | INFO     | Lib.log_maker:info:15 - 程序正在启动
2026-03-14 17:57:14.126 | INFO     | Lib.log_maker:info:15 - 程序正在启动
2026-03-14 17:59:12.837 | INFO     | Lib.log_maker:info:15 - 
运行平台：Windows
OS版本：11
Python版本：3.13.0
PID：13436
2026-03-14 17:59:12.837 | INFO     | Lib.log_maker:info:15 - 
运行平台：Windows
OS版本：11
Python版本：3.13.0
PID：13436
2026-03-14 17:59:12.987 | INFO     | Lib.log_maker:info:15 - 程序正在启动
2026-03-14 17:59:12.987 | INFO     | Lib.log_maker:info:15 - 程序正在启动
2026-03-14 17:59:38.166 | INFO     | Lib.log_maker:info:15 - Foshan的天气数据更新成功
2026-03-14 17:59:38.166 | INFO     | Lib.log_maker:info:15 - Foshan的天气数据更新成功
2026-03-14 18:02:11.409 | INFO     | Lib.log_maker:info:15 - 
运行平台：Windows
OS版本：11
Python版本：3.13.0
PID：19592
2026-03-14 18:02:11.409 | INFO     | Lib.log_maker:info:15 - 
运行平台：Windows
OS版本：11
Python版本：3.13.0
PID：19592
2026-03-14 18:02:11.566 | INFO     | Lib.log_maker:info:15 - 程序正在启动
2026-03-14 18:02:11.566 | INFO     | Lib.log_maker:info:15 - 程序正在启动
2026-03-14 18:02:36.839 | INFO     | Lib.log_maker:info:15 - Foshan的天气数据更新成功
2026-03-14 18:02:36.839 | INFO     | Lib.log_maker:info:15 - Foshan的天气数据更新成功
2026-03-14 18:02:50.537 | INFO     | Lib.log_maker:info:15 - 
运行平台：Windows
OS版本：11
Python版本：3.13.0
PID：15764
2026-03-14 18:02:50.537 | INFO     | Lib.log_maker:info:15 - 
运行平台：Windows
OS版本：11
Python版本：3.13.0
PID：15764
2026-03-14 18:02:50.705 | INFO     | Lib.log_maker:info:15 - 程序正在启动
2026-03-14 18:02:50.705 | INFO     | Lib.log_maker:info:15 - 程序正在启动
2026-03-14 18:03:15.815 | INFO     | Lib.log_maker:info:15 - Foshan的天气数据更新成功
2026-03-14 18:03:15.815 | INFO     | Lib.log_maker:info:15 - Foshan的天气数据更新成功
2026-03-14 18:04:49.209 | INFO     | Lib.log_maker:info:15 - 
运行平台：Windows
OS版本：11
Python版本：3.13.0
PID：23992
2026-03-14 18:04:49.209 | INFO     | Lib.log_maker:info:15 - 
运行平台：Windows
OS版本：11
Python版本：3.13.0
PID：23992
2026-03-14 18:04:49.379 | INFO     | Lib.log_maker:info:15 - 程序正在启动
2026-03-14 18:04:49.379 | INFO     | Lib.log_maker:info:15 - 程序正在启动
2026-03-14 18:05:14.807 | INFO     | Lib.log_maker:info:15 - Foshan的天气数据更新成功
2026-03-14 18:05:14.807 | INFO     | Lib.log_maker:info:15 - Foshan的天气数据更新成功
2026-03-14 18:05:24.528 | INFO     | Lib.log_maker:info:15 - 
运行平台：Windows
OS版本：11
Python版本：3.13.0
PID：17924
2026-03-14 18:05:24.528 | INFO     | Lib.log_maker:info:15 - 
运行平台：Windows
OS版本：11
Python版本：3.13.0
PID：17924
2026-03-14 18:05:24.730 | INFO     | Lib.log_maker:info:15 - 程序正在启动
2026-03-14 18:05:24.730 | INFO     | Lib.log_maker:info:15 - 程序正在启动
2026-03-14 18:05:50.576 | INFO     | Lib.log_maker:info:15 - Foshan的天气数据更新成功
2026-03-14 18:05:50.576 | INFO     | Lib.log_maker:info:15 - Foshan的天气数据更新成功
2026-03-14 18:07:01.137 | INFO     | Lib.log_maker:info:15 - 
运行平台：Windows
OS版本：11
Python版本：3.13.0
PID：11552
2026-03-14 18:07:01.137 | INFO     | Lib.log_maker:info:15 - 
运行平台：Windows
OS版本：11
Python版本：3.13.0
PID：11552
2026-03-14 18:07:01.313 | INFO     | Lib.log_maker:info:15 - 程序正在启动
2026-03-14 18:07:01.313 | INFO     | Lib.log_maker:info:15 - 程序正在启动
2026-03-14 18:07:26.656 | INFO     | Lib.log_maker:info:15 - Foshan的天气数据更新成功
2026-03-14 18:07:26.656 | INFO     | Lib.log_maker:info:15 - Foshan的天气数据更新成功
2026-03-14 18:11:44.681 | INFO     | Lib.log_maker:info:15 - 
运行平台：Windows
OS版本：11
Python版本：3.13.0
PID：19840
2026-03-14 18:11:44.681 | INFO     | Lib.log_maker:info:15 - 
运行平台：Windows
OS版本：11
Python版本：3.13.0
PID：19840
2026-03-14 18:11:44.853 | INFO     | Lib.log_maker:info:15 - 程序正在启动
2026-03-14 18:11:44.853 | INFO     | Lib.log_maker:info:15 - 程序正在启动
2026-03-14 18:12:10.759 | INFO     | Lib.log_maker:info:15 - Foshan的天气数据更新成功
2026-03-14 18:12:10.759 | INFO     | Lib.log_maker:info:15 - Foshan的天气数据更新成功
2026-03-14 18:12:49.828 | INFO     | Lib.log_maker:info:15 - 
运行平台：Windows
OS版本：11
Python版本：3.13.0
PID：7828
2026-03-14 18:12:49.828 | INFO     | Lib.log_maker:info:15 - 
运行平台：Windows
OS版本：11
Python版本：3.13.0
PID：7828
2026-03-14 18:12:50.019 | INFO     | Lib.log_maker:info:15 - 程序正在启动
2026-03-14 18:12:50.019 | INFO     | Lib.log_maker:info:15 - 程序正在启动
2026-03-14 18:15:23.249 | INFO     | Lib.log_maker:info:15 - 
运行平台：Windows
OS版本：11
Python版本：3.13.0
PID：22080
2026-03-14 18:15:23.249 | INFO     | Lib.log_maker:info:15 - 
运行平台：Windows
OS版本：11
Python版本：3.13.0
PID：22080
2026-03-14 18:15:23.424 | INFO     | Lib.log_maker:info:15 - 程序正在启动
2026-03-14 18:15:23.424 | INFO     | Lib.log_maker:info:15 - 程序正在启动
2026-03-14 18:16:29.660 | INFO     | Lib.log_maker:info:15 - 
运行平台：Windows
OS版本：11
Python版本：3.13.0
PID：24276
2026-03-14 18:16:29.660 | INFO     | Lib.log_maker:info:15 - 
运行平台：Windows
OS版本：11
Python版本：3.13.0
PID：24276
2026-03-14 18:16:29.827 | INFO     | Lib.log_maker:info:15 - 程序正在启动
2026-03-14 18:16:29.827 | INFO     | Lib.log_maker:info:15 - 程序正在启动
2026-03-14 18:17:41.044 | INFO     | Lib.log_maker:info:15 - 
运行平台：Windows
OS版本：11
Python版本：3.13.0
PID：23600
2026-03-14 18:17:41.044 | INFO     | Lib.log_maker:info:15 - 
运行平台：Windows
OS版本：11
Python版本：3.13.0
PID：23600
2026-03-14 18:17:41.205 | INFO     | Lib.log_maker:info:15 - 程序正在启动
2026-03-14 18:17:41.205 | INFO     | Lib.log_maker:info:15 - 程序正在启动
2026-03-14 18:19:11.298 | INFO     | Lib.log_maker:info:15 - 
运行平台：Windows
OS版本：11
Python版本：3.13.0
PID：2200
2026-03-14 18:19:11.298 | INFO     | Lib.log_maker:info:15 - 
运行平台：Windows
OS版本：11
Python版本：3.13.0
PID：2200
2026-03-14 18:19:11.470 | INFO     | Lib.log_maker:info:15 - 程序正在启动
2026-03-14 18:19:11.470 | INFO     | Lib.log_maker:info:15 - 程序正在启动
2026-03-14 18:19:37.176 | INFO     | Lib.log_maker:info:15 - 
运行平台：Windows
OS版本：11
Python版本：3.13.0
PID：2684
2026-03-14 18:19:37.176 | INFO     | Lib.log_maker:info:15 - 
运行平台：Windows
OS版本：11
Python版本：3.13.0
PID：2684
2026-03-14 18:19:37.330 | INFO     | Lib.log_maker:info:15 - 程序正在启动
2026-03-14 18:19:37.330 | INFO     | Lib.log_maker:info:15 - 程序正在启动
2026-03-14 18:29:51.529 | INFO     | Lib.log_maker:info:15 - 
        运行平台：Windows
        OS版本：11
        Python版本：3.13.0
        PID：8664
2026-03-14 18:29:51.529 | INFO     | Lib.log_maker:info:15 - 
        运行平台：Windows
        OS版本：11
        Python版本：3.13.0
        PID：8664
2026-03-14 18:29:51.529 | INFO     | Lib.log_maker:info:15 - 
        运行平台：Windows
        OS版本：11
        Python版本：3.13.0
        PID：8664
2026-03-14 18:29:51.532 | INFO     | Lib.log_maker:info:15 - 程序正在启动
2026-03-14 18:29:51.532 | INFO     | Lib.log_maker:info:15 - 程序正在启动
2026-03-14 18:29:51.532 | INFO     | Lib.log_maker:info:15 - 程序正在启动
2026-03-14 18:30:17.182 | INFO     | Lib.log_maker:info:15 - Foshan的天气数据更新成功
2026-03-14 18:30:17.182 | INFO     | Lib.log_maker:info:15 - Foshan的天气数据更新成功
2026-03-14 18:30:17.182 | INFO     | Lib.log_maker:info:15 - Foshan的天气数据更新成功
2026-03-14 18:32:05.128 | INFO     | Lib.log_maker:info:15 - 事件：隐藏
2026-03-14 18:32:05.128 | INFO     | Lib.log_maker:info:15 - 事件：隐藏
2026-03-14 18:32:05.128 | INFO     | Lib.log_maker:info:15 - 事件：隐藏
2026-03-14 18:32:39.000 | INFO     | Lib.log_maker:info:15 - 
        运行平台：Windows
        OS版本：11
        Python版本：3.13.0
        PID：18260
2026-03-14 18:32:39.000 | INFO     | Lib.log_maker:info:15 - 
        运行平台：Windows
        OS版本：11
        Python版本：3.13.0
        PID：18260
2026-03-14 18:32:39.000 | INFO     | Lib.log_maker:info:15 - 
        运行平台：Windows
        OS版本：11
        Python版本：3.13.0
        PID：18260
2026-03-14 18:32:39.003 | INFO     | Lib.log_maker:info:15 - 程序正在启动
2026-03-14 18:32:39.003 | INFO     | Lib.log_maker:info:15 - 程序正在启动
2026-03-14 18:32:39.003 | INFO     | Lib.log_maker:info:15 - 程序正在启动
2026-03-14 18:33:03.844 | INFO     | Lib.log_maker:info:15 - Foshan的天气数据更新成功
2026-03-14 18:33:03.844 | INFO     | Lib.log_maker:info:15 - Foshan的天气数据更新成功
2026-03-14 18:33:03.844 | INFO     | Lib.log_maker:info:15 - Foshan的天气数据更新成功
2026-03-14 18:33:20.003 | INFO     | Lib.log_maker:info:15 - 
        运行平台：Windows
        OS版本：11
        Python版本：3.13.0
        PID：19196
2026-03-14 18:33:20.003 | INFO     | Lib.log_maker:info:15 - 
        运行平台：Windows
        OS版本：11
        Python版本：3.13.0
        PID：19196
2026-03-14 18:33:20.003 | INFO     | Lib.log_maker:info:15 - 
        运行平台：Windows
        OS版本：11
        Python版本：3.13.0
        PID：19196
2026-03-14 18:33:20.005 | INFO     | Lib.log_maker:info:15 - 程序正在启动
2026-03-14 18:33:20.005 | INFO     | Lib.log_maker:info:15 - 程序正在启动
2026-03-14 18:33:20.005 | INFO     | Lib.log_maker:info:15 - 程序正在启动
2026-03-14 18:33:45.158 | INFO     | Lib.log_maker:info:15 - Foshan的天气数据更新成功
2026-03-14 18:33:45.158 | INFO     | Lib.log_maker:info:15 - Foshan的天气数据更新成功
2026-03-14 18:33:45.158 | INFO     | Lib.log_maker:info:15 - Foshan的天气数据更新成功
2026-03-14 18:34:19.032 | INFO     | Lib.log_maker:info:15 - 
        运行平台：Windows
        OS版本：11
        Python版本：3.13.0
        PID：21416
2026-03-14 18:34:19.032 | INFO     | Lib.log_maker:info:15 - 
        运行平台：Windows
        OS版本：11
        Python版本：3.13.0
        PID：21416
2026-03-14 18:34:19.032 | INFO     | Lib.log_maker:info:15 - 
        运行平台：Windows
        OS版本：11
        Python版本：3.13.0
        PID：21416
2026-03-14 18:34:19.035 | INFO     | Lib.log_maker:info:15 - 程序正在启动
2026-03-14 18:34:19.035 | INFO     | Lib.log_maker:info:15 - 程序正在启动
2026-03-14 18:34:19.035 | INFO     | Lib.log_maker:info:15 - 程序正在启动
2026-03-14 18:34:46.400 | INFO     | Lib.log_maker:info:15 - Foshan的天气数据更新成功
2026-03-14 18:34:46.400 | INFO     | Lib.log_maker:info:15 - Foshan的天气数据更新成功
2026-03-14 18:34:46.400 | INFO     | Lib.log_maker:info:15 - Foshan的天气数据更新成功
2026-03-14 18:35:03.341 | INFO     | Lib.log_maker:info:15 - 
        运行平台：Windows
        OS版本：11
        Python版本：3.13.0
        PID：22924
2026-03-14 18:35:03.341 | INFO     | Lib.log_maker:info:15 - 
        运行平台：Windows
        OS版本：11
        Python版本：3.13.0
        PID：22924
2026-03-14 18:35:03.341 | INFO     | Lib.log_maker:info:15 - 
        运行平台：Windows
        OS版本：11
        Python版本：3.13.0
        PID：22924
2026-03-14 18:35:03.343 | INFO     | Lib.log_maker:info:15 - 程序正在启动
2026-03-14 18:35:03.343 | INFO     | Lib.log_maker:info:15 - 程序正在启动
2026-03-14 18:35:03.343 | INFO     | Lib.log_maker:info:15 - 程序正在启动
2026-03-14 18:35:37.905 | INFO     | Lib.log_maker:info:15 - Foshan的天气数据更新成功
2026-03-14 18:35:37.905 | INFO     | Lib.log_maker:info:15 - Foshan的天气数据更新成功
2026-03-14 18:35:37.905 | INFO     | Lib.log_maker:info:15 - Foshan的天气数据更新成功
2026-03-14 18:36:00.182 | INFO     | Lib.log_maker:info:15 - 
        运行平台：Windows
        OS版本：11
        Python版本：3.13.0
        PID：23944
2026-03-14 18:36:00.182 | INFO     | Lib.log_maker:info:15 - 
        运行平台：Windows
        OS版本：11
        Python版本：3.13.0
        PID：23944
2026-03-14 18:36:00.182 | INFO     | Lib.log_maker:info:15 - 
        运行平台：Windows
        OS版本：11
        Python版本：3.13.0
        PID：23944
2026-03-14 18:36:00.184 | INFO     | Lib.log_maker:info:15 - 程序正在启动
2026-03-14 18:36:00.184 | INFO     | Lib.log_maker:info:15 - 程序正在启动
2026-03-14 18:36:00.184 | INFO     | Lib.log_maker:info:15 - 程序正在启动
2026-03-14 18:36:27.962 | INFO     | Lib.log_maker:info:15 - Foshan的天气数据更新成功
2026-03-14 18:36:27.962 | INFO     | Lib.log_maker:info:15 - Foshan的天气数据更新成功
2026-03-14 18:36:27.962 | INFO     | Lib.log_maker:info:15 - Foshan的天气数据更新成功
2026-03-14 18:36:32.726 | INFO     | Lib.log_maker:info:15 - 
        运行平台：Windows
        OS版本：11
        Python版本：3.13.0
        PID：20548
2026-03-14 18:36:32.726 | INFO     | Lib.log_maker:info:15 - 
        运行平台：Windows
        OS版本：11
        Python版本：3.13.0
        PID：20548
2026-03-14 18:36:32.726 | INFO     | Lib.log_maker:info:15 - 
        运行平台：Windows
        OS版本：11
        Python版本：3.13.0
        PID：20548
2026-03-14 18:36:32.729 | INFO     | Lib.log_maker:info:15 - 程序正在启动
2026-03-14 18:36:32.729 | INFO     | Lib.log_maker:info:15 - 程序正在启动
2026-03-14 18:36:32.729 | INFO     | Lib.log_maker:info:15 - 程序正在启动
2026-03-14 18:37:00.428 | INFO     | Lib.log_maker:info:15 - Foshan的天气数据更新成功
2026-03-14 18:37:00.428 | INFO     | Lib.log_maker:info:15 - Foshan的天气数据更新成功
2026-03-14 18:37:00.428 | INFO     | Lib.log_maker:info:15 - Foshan的天气数据更新成功
2026-03-14 18:43:18.390 | INFO     | Lib.log_maker:info:15 - 
        运行平台：Windows
        OS版本：11
        Python版本：3.13.0
        PID：684
2026-03-14 18:43:18.390 | INFO     | Lib.log_maker:info:15 - 
        运行平台：Windows
        OS版本：11
        Python版本：3.13.0
        PID：684
2026-03-14 18:43:18.390 | INFO     | Lib.log_maker:info:15 - 
        运行平台：Windows
        OS版本：11
        Python版本：3.13.0
        PID：684
2026-03-14 18:43:18.392 | INFO     | Lib.log_maker:info:15 - 程序正在启动
2026-03-14 18:43:18.392 | INFO     | Lib.log_maker:info:15 - 程序正在启动
2026-03-14 18:43:18.392 | INFO     | Lib.log_maker:info:15 - 程序正在启动
2026-03-14 18:43:42.985 | INFO     | Lib.log_maker:info:15 - Foshan的天气数据更新成功
2026-03-14 18:43:42.985 | INFO     | Lib.log_maker:info:15 - Foshan的天气数据更新成功
2026-03-14 18:43:42.985 | INFO     | Lib.log_maker:info:15 - Foshan的天气数据更新成功
2026-03-14 18:45:39.561 | INFO     | Lib.log_maker:info:15 - 
        运行平台：Windows
        OS版本：11
        Python版本：3.13.0
        PID：9272
2026-03-14 18:45:39.561 | INFO     | Lib.log_maker:info:15 - 
        运行平台：Windows
        OS版本：11
        Python版本：3.13.0
        PID：9272
2026-03-14 18:45:39.561 | INFO     | Lib.log_maker:info:15 - 
        运行平台：Windows
        OS版本：11
        Python版本：3.13.0
        PID：9272
2026-03-14 18:45:39.563 | INFO     | Lib.log_maker:info:15 - 程序正在启动
2026-03-14 18:45:39.563 | INFO     | Lib.log_maker:info:15 - 程序正在启动
2026-03-14 18:45:39.563 | INFO     | Lib.log_maker:info:15 - 程序正在启动
2026-03-14 18:46:04.937 | INFO     | Lib.log_maker:info:15 - Foshan的天气数据更新成功
2026-03-14 18:46:04.937 | INFO     | Lib.log_maker:info:15 - Foshan的天气数据更新成功
2026-03-14 18:46:04.937 | INFO     | Lib.log_maker:info:15 - Foshan的天气数据更新成功
2026-03-14 18:46:14.618 | INFO     | Lib.log_maker:info:15 - 
        运行平台：Windows
        OS版本：11
        Python版本：3.13.0
        PID：24284
2026-03-14 18:46:14.618 | INFO     | Lib.log_maker:info:15 - 
        运行平台：Windows
        OS版本：11
        Python版本：3.13.0
        PID：24284
2026-03-14 18:46:14.618 | INFO     | Lib.log_maker:info:15 - 
        运行平台：Windows
        OS版本：11
        Python版本：3.13.0
        PID：24284
2026-03-14 18:46:14.621 | INFO     | Lib.log_maker:info:15 - 程序正在启动
2026-03-14 18:46:14.621 | INFO     | Lib.log_maker:info:15 - 程序正在启动
2026-03-14 18:46:14.621 | INFO     | Lib.log_maker:info:15 - 程序正在启动
2026-03-14 18:46:40.060 | INFO     | Lib.log_maker:info:15 - Foshan的天气数据更新成功
2026-03-14 18:46:40.060 | INFO     | Lib.log_maker:info:15 - Foshan的天气数据更新成功
2026-03-14 18:46:40.060 | INFO     | Lib.log_maker:info:15 - Foshan的天气数据更新成功
2026-03-14 18:46:50.406 | INFO     | Lib.log_maker:info:15 - 
        运行平台：Windows
        OS版本：11
        Python版本：3.13.0
        PID：8008
2026-03-14 18:46:50.406 | INFO     | Lib.log_maker:info:15 - 
        运行平台：Windows
        OS版本：11
        Python版本：3.13.0
        PID：8008
2026-03-14 18:46:50.406 | INFO     | Lib.log_maker:info:15 - 
        运行平台：Windows
        OS版本：11
        Python版本：3.13.0
        PID：8008
2026-03-14 18:46:50.409 | INFO     | Lib.log_maker:info:15 - 程序正在启动
2026-03-14 18:46:50.409 | INFO     | Lib.log_maker:info:15 - 程序正在启动
2026-03-14 18:46:50.409 | INFO     | Lib.log_maker:info:15 - 程序正在启动
2026-03-14 18:47:17.134 | INFO     | Lib.log_maker:info:15 - Foshan的天气数据更新成功
2026-03-14 18:47:17.134 | INFO     | Lib.log_maker:info:15 - Foshan的天气数据更新成功
2026-03-14 18:47:17.134 | INFO     | Lib.log_maker:info:15 - Foshan的天气数据更新成功
2026-03-14 18:48:31.776 | INFO     | Lib.log_maker:info:15 - 
        运行平台：Windows
        OS版本：11
        Python版本：3.13.0
        PID：1844
2026-03-14 18:48:31.776 | INFO     | Lib.log_maker:info:15 - 
        运行平台：Windows
        OS版本：11
        Python版本：3.13.0
        PID：1844
2026-03-14 18:48:31.776 | INFO     | Lib.log_maker:info:15 - 
        运行平台：Windows
        OS版本：11
        Python版本：3.13.0
        PID：1844
2026-03-14 18:48:31.778 | INFO     | Lib.log_maker:info:15 - 程序正在启动
2026-03-14 18:48:31.778 | INFO     | Lib.log_maker:info:15 - 程序正在启动
2026-03-14 18:48:31.778 | INFO     | Lib.log_maker:info:15 - 程序正在启动
2026-03-14 18:48:58.096 | INFO     | Lib.log_maker:info:15 - Foshan的天气数据更新成功
2026-03-14 18:48:58.096 | INFO     | Lib.log_maker:info:15 - Foshan的天气数据更新成功
2026-03-14 18:48:58.096 | INFO     | Lib.log_maker:info:15 - Foshan的天气数据更新成功
2026-03-14 18:57:51.035 | INFO     | Lib.log_maker:info:15 - 
        运行平台：Windows
        OS版本：11
        Python版本：3.13.0
        PID：16048
2026-03-14 18:57:51.035 | INFO     | Lib.log_maker:info:15 - 
        运行平台：Windows
        OS版本：11
        Python版本：3.13.0
        PID：16048
2026-03-14 18:57:51.035 | INFO     | Lib.log_maker:info:15 - 
        运行平台：Windows
        OS版本：11
        Python版本：3.13.0
        PID：16048
2026-03-14 18:57:51.038 | INFO     | Lib.log_maker:info:15 - 程序正在启动
2026-03-14 18:57:51.038 | INFO     | Lib.log_maker:info:15 - 程序正在启动
2026-03-14 18:57:51.038 | INFO     | Lib.log_maker:info:15 - 程序正在启动
2026-03-14 18:58:15.854 | INFO     | Lib.log_maker:info:15 - Foshan的天气数据更新成功
2026-03-14 18:58:15.854 | INFO     | Lib.log_maker:info:15 - Foshan的天气数据更新成功
2026-03-14 18:58:15.854 | INFO     | Lib.log_maker:info:15 - Foshan的天气数据更新成功
2026-03-14 19:12:08.490 | INFO     | Lib.log_maker:info:15 - 
        运行平台：Windows
        OS版本：11
        Python版本：3.13.0
        PID：23200
2026-03-14 19:12:08.490 | INFO     | Lib.log_maker:info:15 - 
        运行平台：Windows
        OS版本：11
        Python版本：3.13.0
        PID：23200
2026-03-14 19:12:08.490 | INFO     | Lib.log_maker:info:15 - 
        运行平台：Windows
        OS版本：11
        Python版本：3.13.0
        PID：23200
2026-03-14 19:12:08.505 | INFO     | Lib.log_maker:info:15 - 程序正在启动
2026-03-14 19:12:08.505 | INFO     | Lib.log_maker:info:15 - 程序正在启动
2026-03-14 19:12:08.505 | INFO     | Lib.log_maker:info:15 - 程序正在启动
2026-03-14 19:12:09.965 | INFO     | Lib.log_maker:info:15 - 应用 Microsoft Edge 状态更新: 运行中
2026-03-14 19:12:09.965 | INFO     | Lib.log_maker:info:15 - 应用 Microsoft Edge 状态更新: 运行中
2026-03-14 19:12:09.965 | INFO     | Lib.log_maker:info:15 - 应用 Microsoft Edge 状态更新: 运行中
2026-03-14 19:12:29.729 | INFO     | Lib.log_maker:info:15 - 配置已成功保存到 e:\GitHubProjects\Others\301-02\settings.json
2026-03-14 19:12:29.729 | INFO     | Lib.log_maker:info:15 - 配置已成功保存到 e:\GitHubProjects\Others\301-02\settings.json
2026-03-14 19:12:29.729 | INFO     | Lib.log_maker:info:15 - 配置已成功保存到 e:\GitHubProjects\Others\301-02\settings.json
2026-03-14 19:12:29.736 | INFO     | Lib.log_maker:info:15 - 应用程序已清理资源并退出
2026-03-14 19:12:29.736 | INFO     | Lib.log_maker:info:15 - 应用程序已清理资源并退出
2026-03-14 19:12:29.736 | INFO     | Lib.log_maker:info:15 - 应用程序已清理资源并退出
2026-03-14 19:12:48.599 | ERROR    | Lib.log_maker:error:19 - 天气获取失败
2026-03-14 19:12:48.599 | ERROR    | Lib.log_maker:error:19 - 天气获取失败
2026-03-14 19:12:48.599 | ERROR    | Lib.log_maker:error:19 - 天气获取失败
2026-03-14 19:16:00.222 | INFO     | Lib.log_maker:info:19 - 测试信息日志1
2026-03-14 19:16:00.222 | INFO     | Lib.log_maker:info:19 - 测试信息日志2
2026-03-14 19:16:00.223 | ERROR    | Lib.log_maker:error:23 - 测试错误日志1
2026-03-14 19:16:00.223 | WARNING  | Lib.log_maker:warning:21 - 测试警告日志2
2026-03-14 19:17:20.386 | INFO     | Lib.log_maker:info:19 - 测试日志信息
2026-03-14 19:17:20.386 | WARNING  | Lib.log_maker:warning:21 - 测试警告日志
2026-03-14 19:18:52.211 | INFO     | Lib.log_maker:info:25 - 测试日志1
2026-03-14 19:18:52.212 | INFO     | Lib.log_maker:info:25 - 测试日志2
2026-03-14 19:20:11.747 | INFO     | log_maker:info:25 - 测试日志1
2026-03-14 19:20:11.747 | INFO     | log_maker:info:25 - 测试日志2
2026-03-14 19:21:28.476 | INFO     | Lib.log_maker:info:19 - 测试日志1
2026-03-14 19:21:28.476 | INFO     | Lib.log_maker:info:19 - 测试日志2
2026-03-14 19:22:22.897 | INFO     | Lib.log_maker:info:19 - 测试日志1
2026-03-14 19:22:22.897 | WARNING  | Lib.log_maker:warning:21 - 测试日志2
2026-03-14 19:23:43.148 | INFO     | Lib.log_maker:info:19 - 测试信息日志
2026-03-14 19:23:43.148 | ERROR    | Lib.log_maker:error:23 - 测试错误日志
2026-03-14 19:23:43.148 | WARNING  | Lib.log_maker:warning:21 - 测试警告日志
2026-03-14 19:24:26.856 | INFO     | Lib.log_maker:info:18 - 
        运行平台：Windows
        OS版本：11
        Python版本：3.13.0
        PID：22128
2026-03-14 19:24:26.858 | INFO     | Lib.log_maker:info:18 - 程序正在启动
2026-03-14 19:24:28.323 | INFO     | Lib.log_maker:info:18 - 应用 Microsoft Edge 状态更新: 运行中
2026-03-14 19:24:41.856 | CRITICAL | Lib.log_maker:critical:24 - 严重错误: KeyboardInterrupt: 
2026-03-14 19:24:44.305 | INFO     | Lib.log_maker:info:18 - 程序退出
2026-03-14 19:24:46.452 | INFO     | Lib.log_maker:info:18 - 配置已成功保存到 e:\GitHubProjects\Others\301-02\settings.json
2026-03-14 19:24:46.458 | INFO     | Lib.log_maker:info:18 - 应用程序已清理资源并退出
2026-03-14 19:25:07.353 | ERROR    | Lib.log_maker:error:22 - 天气获取失败
2026-03-14 19:25:12.794 | INFO     | Lib.log_maker:info:18 - 运行平台：Windows
        OS版本：11
        Python版本：3.13.0
        PID：19048
2026-03-14 19:25:12.796 | INFO     | Lib.log_maker:info:18 - 程序正在启动
2026-03-14 19:25:14.274 | INFO     | Lib.log_maker:info:18 - 应用 Microsoft Edge 状态更新: 运行中
2026-03-14 19:25:49.174 | ERROR    | Lib.log_maker:error:22 - 天气获取失败
2026-03-14 19:26:53.685 | INFO     | Lib.log_maker:info:18 - 配置已成功保存到 e:\GitHubProjects\Others\301-02\settings.json
2026-03-14 19:26:53.695 | INFO     | Lib.log_maker:info:18 - 应用程序已清理资源并退出
